TN:
SF:script/DeployDecentralizedStableCoin.s.sol
FN:11,DeployDecentralizedStableCoin.run
FNDA:1,DeployDecentralizedStableCoin.run
DA:12,1
DA:13,1
DA:14,1
DA:15,1
FNF:1
FNH:1
LF:4
LH:4
BRF:0
BRH:0
end_of_record
TN:
SF:src/DecentralizedStableCoin.sol
FN:50,DecentralizedStableCoin.burn
FNDA:5,DecentralizedStableCoin.burn
DA:51,4
DA:52,4
BRDA:52,0,0,1
BRDA:52,0,1,3
DA:53,1
DA:55,3
BRDA:55,1,0,1
BRDA:55,1,1,2
DA:56,1
DA:58,2
FN:61,DecentralizedStableCoin.mint
FNDA:10,DecentralizedStableCoin.mint
DA:65,9
BRDA:65,2,0,1
BRDA:65,2,1,8
DA:66,1
DA:68,8
BRDA:68,3,0,1
BRDA:68,3,1,7
DA:69,1
DA:71,7
DA:72,7
FN:75,DecentralizedStableCoin.getOwner
FNDA:2,DecentralizedStableCoin.getOwner
DA:76,2
FNF:3
FNH:3
LF:13
LH:13
BRF:8
BRH:8
end_of_record
